Unity Editor version:    2021.3.4f1 (cb45f9cae8b7)
Branch:                  2021.3/staging
Build type:              Release
Batch mode:              YES
macOS version:           Version 13.1 (Build 22C65)
Darwin version:          22.2.0
Architecture:            x86_64
Running under Rosetta:   NO
Available memory:        16384 MB
Using pre-set license
Pro License: YES

COMMAND LINE ARGUMENTS:
/Applications/Unity/Hub/Editor/2021.3.4f1/Unity.app/Contents/MacOS/Unity
-adb2
-batchMode
-noUpm
-name
AssetImportWorker4
-projectPath
/Users/dash/RetroRacer
-logFile
Logs/AssetImportWorker4.log
-srvPort
50073
Successfully changed project path to: /Users/dash/RetroRacer
/Users/dash/RetroRacer
[UnityMemory] Configuration Parameters - Can be set up in boot.config
    "memorysetup-bucket-allocator-granularity=16"
    "memorysetup-bucket-allocator-bucket-count=8"
    "memorysetup-bucket-allocator-block-size=33554432"
    "memorysetup-bucket-allocator-block-count=8"
    "memorysetup-main-allocator-block-size=16777216"
    "memorysetup-thread-allocator-block-size=16777216"
    "memorysetup-gfx-main-allocator-block-size=16777216"
    "memorysetup-gfx-thread-allocator-block-size=16777216"
    "memorysetup-cache-allocator-block-size=4194304"
    "memorysetup-typetree-allocator-block-size=2097152"
    "memorysetup-profiler-bucket-allocator-granularity=16"
    "memorysetup-profiler-bucket-allocator-bucket-count=8"
    "memorysetup-profiler-bucket-allocator-block-size=33554432"
    "memorysetup-profiler-bucket-allocator-block-count=8"
    "memorysetup-profiler-allocator-block-size=16777216"
    "memorysetup-profiler-editor-allocator-block-size=1048576"
    "memorysetup-temp-allocator-size-main=16777216"
    "memorysetup-job-temp-allocator-block-size=2097152"
    "memorysetup-job-temp-allocator-block-size-background=1048576"
    "memorysetup-job-temp-allocator-reduction-small-platforms=262144"
    "memorysetup-temp-allocator-size-background-worker=32768"
    "memorysetup-temp-allocator-size-job-worker=262144"
    "memorysetup-temp-allocator-size-preload-manager=33554432"
    "memorysetup-temp-allocator-size-nav-mesh-worker=65536"
    "memorysetup-temp-allocator-size-audio-worker=65536"
    "memorysetup-temp-allocator-size-cloud-worker=32768"
    "memorysetup-temp-allocator-size-gi-baking-worker=262144"
    "memorysetup-temp-allocator-size-gfx=262144"
Refreshing native plugins compatible for Editor in 148.84 ms, found 2 plugins.
Preloading 0 native plugins for Editor in 0.00 ms.
Initialize engine version: 2021.3.4f1 (cb45f9cae8b7)
[Subsystems] Discovering subsystems at path /Applications/Unity/Hub/Editor/2021.3.4f1/Unity.app/Contents/Resources/UnitySubsystems
[Subsystems] Discovering subsystems at path /Users/dash/RetroRacer/Assets
GfxDevice: creating device client; threaded=0; jobified=0
Color LCD preferred device: AMD Radeon Pro 5500M (high power)
Metal devices available: 2
0: AMD Radeon Pro 5500M (high power)
1: Intel(R) UHD Graphics 630 (low power)
Using device AMD Radeon Pro 5500M (high power)
Initializing Metal device caps: AMD Radeon Pro 5500M
Initialize mono
Mono path[0] = '/Applications/Unity/Hub/Editor/2021.3.4f1/Unity.app/Contents/Managed'
Mono path[1] = '/Applications/Unity/Hub/Editor/2021.3.4f1/Unity.app/Contents/MonoBleedingEdge/lib/mono/unityjit-macos'
Mono config path = '/Applications/Unity/Hub/Editor/2021.3.4f1/Unity.app/Contents/MonoBleedingEdge/etc'
Using monoOptions --debugger-agent=transport=dt_socket,embedding=1,server=y,suspend=n,address=127.0.0.1:56046
Begin MonoManager ReloadAssembly
Registering precompiled unity dll's ...
Register platform support module: /Applications/Unity/Hub/Editor/2021.3.4f1/Unity.app/Contents/PlaybackEngines/MacStandaloneSupport/UnityEditor.OSXStandalone.Extensions.dll
Registered in 0.003200 seconds.
Native extension for OSXStandalone target not found
Refreshing native plugins compatible for Editor in 151.44 ms, found 2 plugins.
Preloading 0 native plugins for Editor in 0.00 ms.
Mono: successfully reloaded assembly
- Completed reload, in  1.381 seconds
Domain Reload Profiling:
	ReloadAssembly (1382ms)
		BeginReloadAssembly (205ms)
			ExecutionOrderSort (0ms)
			DisableScriptedObjects (0ms)
			BackupInstance (0ms)
			ReleaseScriptingObjects (0ms)
			CreateAndSetChildDomain (1ms)
		EndReloadAssembly (966ms)
			LoadAssemblies (205ms)
			RebuildTransferFunctionScriptingTraits (0ms)
			SetupTypeCache (237ms)
			ReleaseScriptCaches (0ms)
			RebuildScriptCaches (69ms)
			SetupLoadedEditorAssemblies (566ms)
				LogAssemblyErrors (0ms)
				InitializePlatformSupportModulesInManaged (12ms)
				SetLoadedEditorAssemblies (1ms)
				RefreshPlugins (151ms)
				BeforeProcessingInitializeOnLoad (2ms)
				ProcessInitializeOnLoadAttributes (308ms)
				ProcessInitializeOnLoadMethodAttributes (91ms)
				AfterProcessingInitializeOnLoad (0ms)
				EditorAssembliesLoaded (0ms)
			ExecutionOrderSort2 (0ms)
			AwakeInstancesAfterBackupRestoration (0ms)
Platform modules already initialized, skipping
Registering precompiled user dll's ...
Registered in 0.014541 seconds.
Begin MonoManager ReloadAssembly
Symbol file LoadedFromMemory doesn't match image /Users/dash/RetroRacer/Library/PackageCache/com.unity.visualscripting@1.7.8/Editor/VisualScripting.Core/Dependencies/YamlDotNet/Unity.VisualScripting.YamlDotNet.dll
Symbol file LoadedFromMemory doesn't match image /Users/dash/RetroRacer/Library/PackageCache/com.unity.visualscripting@1.7.8/Editor/VisualScripting.Core/Dependencies/DotNetZip/Unity.VisualScripting.IonicZip.dll
Native extension for OSXStandalone target not found
Refreshing native plugins compatible for Editor in 0.82 ms, found 2 plugins.
Preloading 0 native plugins for Editor in 0.00 ms.
Mono: successfully reloaded assembly
- Completed reload, in  1.952 seconds
Domain Reload Profiling:
	ReloadAssembly (1953ms)
		BeginReloadAssembly (168ms)
			ExecutionOrderSort (0ms)
			DisableScriptedObjects (10ms)
			BackupInstance (0ms)
			ReleaseScriptingObjects (0ms)
			CreateAndSetChildDomain (42ms)
		EndReloadAssembly (1570ms)
			LoadAssemblies (153ms)
			RebuildTransferFunctionScriptingTraits (0ms)
			SetupTypeCache (590ms)
			ReleaseScriptCaches (1ms)
			RebuildScriptCaches (102ms)
			SetupLoadedEditorAssemblies (639ms)
				LogAssemblyErrors (0ms)
				InitializePlatformSupportModulesInManaged (8ms)
				SetLoadedEditorAssemblies (1ms)
				RefreshPlugins (1ms)
				BeforeProcessingInitializeOnLoad (131ms)
				ProcessInitializeOnLoadAttributes (443ms)
				ProcessInitializeOnLoadMethodAttributes (52ms)
				AfterProcessingInitializeOnLoad (3ms)
				EditorAssembliesLoaded (0ms)
			ExecutionOrderSort2 (0ms)
			AwakeInstancesAfterBackupRestoration (7ms)
Platform modules already initialized, skipping
========================================================================
Worker process is ready to serve import requests
Launching external process: /Applications/Unity/Hub/Editor/2021.3.4f1/Unity.app/Contents/Tools/UnityShaderCompiler
Launched and connected shader compiler UnityShaderCompiler after 0.12 seconds
Refreshing native plugins compatible for Editor in 0.67 ms, found 2 plugins.
Preloading 0 native plugins for Editor in 0.00 ms.
Unloading 3384 Unused Serialized files (Serialized files now loaded: 0)
Unloading 27 unused Assets / (83.0 KB). Loaded Objects now: 3844.
Memory consumption went from 101.1 MB to 101.0 MB.
Total: 6.133636 ms (FindLiveObjects: 0.535236 ms CreateObjectMapping: 0.354032 ms MarkObjects: 5.070030 ms  DeleteObjects: 0.171810 ms)

AssetImportParameters requested are different than current active one (requested -> active):
  custom:video-decoder-ogg-theora: a1e56fd34408186e4bbccfd4996cb3dc -> 
  custom:container-muxer-webm: aa71ff27fc2769a1b78a27578f13a17b -> 
  custom:container-demuxer-webm: 4f35f7cbe854078d1ac9338744f61a02 -> 
  custom:video-encoder-webm-vp8: eb34c28f22e8b96e1ab97ce403110664 -> 
  custom:framework-osx-AVFoundation: e770b220cccbd017edd2c1fefb359320 -> 
  custom:audio-encoder-webm-vorbis: bf7c407c2cedff20999df2af8eb42d56 -> 
  custom:container-demuxer-ogg: 62fdf1f143b41e24485cea50d1cbac27 -> 
  custom:video-decoder-webm-vp8: 9c59270c3fd7afecdb556c50c9e8de78 -> 
  custom:audio-decoder-ogg-vorbis: bf7c407c2cedff20999df2af8eb42d56 -> 
========================================================================
Received Import Request.
  Time since last request: 160087.661268 seconds.
  path: Assets/Thirdparty/Ciathyza/Gridbox Prototype Materials/Materials/URP/Prototype_512x512_Yellow.mat
  artifactKey: Guid(d76d5dba59c8a824a8170635648a356c) Importer(815301076,1909f56bfc062723c751e8b465ee728b)
Start importing Assets/Thirdparty/Ciathyza/Gridbox Prototype Materials/Materials/URP/Prototype_512x512_Yellow.mat using Guid(d76d5dba59c8a824a8170635648a356c) Importer(815301076,1909f56bfc062723c751e8b465ee728b)  -> (artifact id: '557bfa0b2f32862fd783ab9d44e8d3c1') in 0.447276 seconds 
========================================================================
Received Import Request.
  Time since last request: 179.679547 seconds.
  path: Assets/Thirdparty/Ciathyza/Gridbox Prototype Materials/Materials
  artifactKey: Guid(399cff2d68318a946838ccb784ef4c77) Importer(815301076,1909f56bfc062723c751e8b465ee728b)
Start importing Assets/Thirdparty/Ciathyza/Gridbox Prototype Materials/Materials using Guid(399cff2d68318a946838ccb784ef4c77) Importer(815301076,1909f56bfc062723c751e8b465ee728b)  -> (artifact id: '777499e6d55bd099ae4bcb964ffa440a') in 0.001358 seconds 
========================================================================
Received Import Request.
  Time since last request: 2.544348 seconds.
  path: Assets/Thirdparty/Ciathyza/Gridbox Prototype Materials/Materials/HDRP
  artifactKey: Guid(b57a409b80fff1b4bbfdcdafcc3e4e17) Importer(815301076,1909f56bfc062723c751e8b465ee728b)
Start importing Assets/Thirdparty/Ciathyza/Gridbox Prototype Materials/Materials/HDRP using Guid(b57a409b80fff1b4bbfdcdafcc3e4e17) Importer(815301076,1909f56bfc062723c751e8b465ee728b)  -> (artifact id: '936c4314c8afd160910f3ab0628f515f') in 0.001270 seconds 
========================================================================
Received Import Request.
  Time since last request: 0.569436 seconds.
  path: Assets/Thirdparty/Ciathyza/Gridbox Prototype Materials/Materials/Standard
  artifactKey: Guid(5b101da68e9261049841c73c48f7a8d9) Importer(815301076,1909f56bfc062723c751e8b465ee728b)
Start importing Assets/Thirdparty/Ciathyza/Gridbox Prototype Materials/Materials/Standard using Guid(5b101da68e9261049841c73c48f7a8d9) Importer(815301076,1909f56bfc062723c751e8b465ee728b)  -> (artifact id: 'ca8672d6437d955e0c939b5d623a92fb') in 0.001744 seconds 
========================================================================
Received Import Request.
  Time since last request: 25.231350 seconds.
  path: Assets/Day-Night Skyboxes/Materials
  artifactKey: Guid(9bb31547a9c474ddab65590a2140ab0a) Importer(815301076,1909f56bfc062723c751e8b465ee728b)
Start importing Assets/Day-Night Skyboxes/Materials using Guid(9bb31547a9c474ddab65590a2140ab0a) Importer(815301076,1909f56bfc062723c751e8b465ee728b)  -> (artifact id: 'feec6c075a460e827ce8112ea8e038bd') in 0.001243 seconds 
========================================================================
Received Import Request.
  Time since last request: 0.201572 seconds.
  path: Assets/Day-Night Skyboxes/Materials/SkyAfterNoon.mat
  artifactKey: Guid(1cf32c17fea93ef4fb120e8e0cdfbef1) Importer(815301076,1909f56bfc062723c751e8b465ee728b)
Start importing Assets/Day-Night Skyboxes/Materials/SkyAfterNoon.mat using Guid(1cf32c17fea93ef4fb120e8e0cdfbef1) Importer(815301076,1909f56bfc062723c751e8b465ee728b)  -> (artifact id: 'f20db0ae736cd249433ce75ce4676acf') in 0.751346 seconds 
========================================================================
Received Import Request.
  Time since last request: 0.000076 seconds.
  path: Assets/Day-Night Skyboxes/Materials/SkyMidnight.mat
  artifactKey: Guid(97637a2a763b7f24b8da4e139e4144ca) Importer(815301076,1909f56bfc062723c751e8b465ee728b)
Start importing Assets/Day-Night Skyboxes/Materials/SkyMidnight.mat using Guid(97637a2a763b7f24b8da4e139e4144ca) Importer(815301076,1909f56bfc062723c751e8b465ee728b)  -> (artifact id: '5c0634fbc4dbea74e8d7c4fd49703f57') in 0.028941 seconds 
========================================================================
Received Import Request.
  Time since last request: 0.000103 seconds.
  path: Assets/Day-Night Skyboxes/Materials/SkyMorning.mat
  artifactKey: Guid(9991b6265f7f87d43b7e3c676739f203) Importer(815301076,1909f56bfc062723c751e8b465ee728b)
Start importing Assets/Day-Night Skyboxes/Materials/SkyMorning.mat using Guid(9991b6265f7f87d43b7e3c676739f203) Importer(815301076,1909f56bfc062723c751e8b465ee728b)  -> (artifact id: 'afa9ca5caae65a650d452bd18e8d6fbb') in 0.036122 seconds 
========================================================================
Received Import Request.
  Time since last request: 0.000114 seconds.
  path: Assets/Day-Night Skyboxes/Materials/SkyHaloSky.mat
  artifactKey: Guid(e523c896238589445ae28370258d26c6) Importer(815301076,1909f56bfc062723c751e8b465ee728b)
Start importing Assets/Day-Night Skyboxes/Materials/SkyHaloSky.mat using Guid(e523c896238589445ae28370258d26c6) Importer(815301076,1909f56bfc062723c751e8b465ee728b)  -> (artifact id: '9ef744c976ad484ef0b633794b8713fc') in 0.023666 seconds 
========================================================================
Received Import Request.
  Time since last request: 0.000089 seconds.
  path: Assets/Day-Night Skyboxes/Materials/SkyEarlyDusk.mat
  artifactKey: Guid(82b660520bdecce4daf45d270ec93fe4) Importer(815301076,1909f56bfc062723c751e8b465ee728b)
Start importing Assets/Day-Night Skyboxes/Materials/SkyEarlyDusk.mat using Guid(82b660520bdecce4daf45d270ec93fe4) Importer(815301076,1909f56bfc062723c751e8b465ee728b)  -> (artifact id: '542b28aedcebe72957b6cebe113ea19f') in 0.034017 seconds 
========================================================================
Received Import Request.
  Time since last request: 0.000075 seconds.
  path: Assets/Day-Night Skyboxes/Materials/SkyNight.mat
  artifactKey: Guid(493bfb50af5d9424da505ba945c86600) Importer(815301076,1909f56bfc062723c751e8b465ee728b)
Start importing Assets/Day-Night Skyboxes/Materials/SkyNight.mat using Guid(493bfb50af5d9424da505ba945c86600) Importer(815301076,1909f56bfc062723c751e8b465ee728b)  -> (artifact id: 'd86651553d5b04b3f133ffb19af3a380') in 0.028107 seconds 
========================================================================
Received Import Request.
  Time since last request: 0.000201 seconds.
  path: Assets/Day-Night Skyboxes/Materials/SkyCloudy.mat
  artifactKey: Guid(d11d338e6a849d84f85a289f91b3fa00) Importer(815301076,1909f56bfc062723c751e8b465ee728b)
Start importing Assets/Day-Night Skyboxes/Materials/SkyCloudy.mat using Guid(d11d338e6a849d84f85a289f91b3fa00) Importer(815301076,1909f56bfc062723c751e8b465ee728b)  -> (artifact id: 'c91697f383403de3666709d35e043902') in 0.049451 seconds 
========================================================================
Received Import Request.
  Time since last request: 0.000112 seconds.
  path: Assets/Day-Night Skyboxes/Materials/SkyNoon.mat
  artifactKey: Guid(3e56423e1fe71f94ea97f5bb2004a7e6) Importer(815301076,1909f56bfc062723c751e8b465ee728b)
Start importing Assets/Day-Night Skyboxes/Materials/SkyNoon.mat using Guid(3e56423e1fe71f94ea97f5bb2004a7e6) Importer(815301076,1909f56bfc062723c751e8b465ee728b)  -> (artifact id: 'eb6f2e49d97fad0ff927e2769fa4e918') in 0.031313 seconds 
========================================================================
Received Import Request.
  Time since last request: 0.239455 seconds.
  path: Assets/Day-Night Skyboxes/Textures/SkyAfterNoon_Front.png
  artifactKey: Guid(801a87c5db92ace45a6a9346777f1f5f) Importer(815301076,1909f56bfc062723c751e8b465ee728b)
Start importing Assets/Day-Night Skyboxes/Textures/SkyAfterNoon_Front.png using Guid(801a87c5db92ace45a6a9346777f1f5f) Importer(815301076,1909f56bfc062723c751e8b465ee728b)  -> (artifact id: '52d1e4d6d4de1473a64271f50b63e89c') in 0.322943 seconds 
========================================================================
Received Import Request.
  Time since last request: 0.000100 seconds.
  path: Assets/Day-Night Skyboxes/Textures/SkyAfterNoon_Top.png
  artifactKey: Guid(31b24bb50a20c0047b30ee5fc78848b2) Importer(815301076,1909f56bfc062723c751e8b465ee728b)
Start importing Assets/Day-Night Skyboxes/Textures/SkyAfterNoon_Top.png using Guid(31b24bb50a20c0047b30ee5fc78848b2) Importer(815301076,1909f56bfc062723c751e8b465ee728b)  -> (artifact id: '6ffcc96be223e02860d4a2acb797906c') in 0.011854 seconds 
========================================================================
Received Import Request.
  Time since last request: 0.000063 seconds.
  path: Assets/Day-Night Skyboxes/Textures/SkyAfterNoon_Left.png
  artifactKey: Guid(969ef861056a05940ba9123d15486191) Importer(815301076,1909f56bfc062723c751e8b465ee728b)
Start importing Assets/Day-Night Skyboxes/Textures/SkyAfterNoon_Left.png using Guid(969ef861056a05940ba9123d15486191) Importer(815301076,1909f56bfc062723c751e8b465ee728b)  -> (artifact id: 'd403371fe9b3224fc58dbbe35e49bb36') in 0.019455 seconds 
Editor requested this worker to shutdown with reason: Scaling down because of idle timeout
AssetImportWorker is now disconnected from the server
Process exiting
